<?xml version="1.0" encoding="UTF-8"?>
<testng-results ignored="0" total="1" passed="1" failed="0" skipped="0">
  <reporter-output>
  </reporter-output>
  <suite started-at="2025-05-20T12:27:38 IST" name="Default suite" finished-at="2025-05-20T12:28:08 IST" duration-ms="29688">
    <groups>
    </groups>
    <test started-at="2025-05-20T12:27:38 IST" name="Default test" finished-at="2025-05-20T12:28:08 IST" duration-ms="29688">
      <class name="Base.WebShop_Assignment">
        <test-method is-config="true" signature="setUp()[pri:0, instance:Base.WebShop_Assignment@305b7c14]" started-at="2025-05-20T12:27:38 IST" name="setUp" finished-at="2025-05-20T12:27:51 IST" duration-ms="13143" status="PASS">
          <reporter-output>
          </reporter-output>
        </test-method> <!-- setUp -->
        <test-method signature="testlogin()[pri:0, instance:Base.WebShop_Assignment@305b7c14]" started-at="2025-05-20T12:27:51 IST" name="testlogin" finished-at="2025-05-20T12:28:08 IST" duration-ms="16467" status="PASS">
          <reporter-output>
          </reporter-output>
        </test-method> <!-- testlogin -->
        <test-method is-config="true" signature="tearDown()[pri:0, instance:Base.WebShop_Assignment@305b7c14]" started-at="2025-05-20T12:28:08 IST" name="tearDown" finished-at="2025-05-20T12:28:08 IST" duration-ms="1" status="PASS">
          <reporter-output>
          </reporter-output>
        </test-method> <!-- tearDown -->
      </class> <!-- Base.WebShop_Assignment -->
    </test> <!-- Default test -->
  </suite> <!-- Default suite -->
</testng-results>
